0 info it worked if it ends with ok
1 verbose cli [ '/usr/bin/nodejs',
1 verbose cli   '/usr/bin/npm',
1 verbose cli   'i',
1 verbose cli   'https://github.com/vadimiztveri/sex_by_russian_name.git' ]
2 info using npm@2.14.4
3 info using node@v4.1.1
4 verbose install initial load of /home/xopxe/jobs/getbook/package.json
5 verbose installManyTop reading scoped package data from /home/xopxe/jobs/getbook/node_modules/body-parser/package.json
6 verbose installManyTop reading scoped package data from /home/xopxe/jobs/getbook/node_modules/browserify/package.json
7 verbose installManyTop reading scoped package data from /home/xopxe/jobs/getbook/node_modules/bson-objectid/package.json
8 verbose installManyTop reading scoped package data from /home/xopxe/jobs/getbook/node_modules/cheerio/package.json
9 verbose installManyTop reading scoped package data from /home/xopxe/jobs/getbook/node_modules/connect-livereload/package.json
10 verbose installManyTop reading scoped package data from /home/xopxe/jobs/getbook/node_modules/cron/package.json
11 verbose installManyTop reading scoped package data from /home/xopxe/jobs/getbook/node_modules/errorhandler/package.json
12 verbose installManyTop reading scoped package data from /home/xopxe/jobs/getbook/node_modules/express/package.json
13 verbose installManyTop reading scoped package data from /home/xopxe/jobs/getbook/node_modules/express-session/package.json
14 verbose installManyTop reading scoped package data from /home/xopxe/jobs/getbook/node_modules/gulp/package.json
15 verbose installManyTop reading scoped package data from /home/xopxe/jobs/getbook/node_modules/gulp-angular-templatecache/package.json
16 verbose installManyTop reading scoped package data from /home/xopxe/jobs/getbook/node_modules/gulp-angular-templates/package.json
17 verbose installManyTop reading scoped package data from /home/xopxe/jobs/getbook/node_modules/gulp-browserify/package.json
18 verbose installManyTop reading scoped package data from /home/xopxe/jobs/getbook/node_modules/gulp-clean/package.json
19 verbose installManyTop reading scoped package data from /home/xopxe/jobs/getbook/node_modules/gulp-concat/package.json
20 verbose installManyTop reading scoped package data from /home/xopxe/jobs/getbook/node_modules/gulp-embedlr/package.json
21 verbose installManyTop reading scoped package data from /home/xopxe/jobs/getbook/node_modules/gulp-foreach/package.json
22 verbose installManyTop reading scoped package data from /home/xopxe/jobs/getbook/node_modules/gulp-insert/package.json
23 verbose installManyTop reading scoped package data from /home/xopxe/jobs/getbook/node_modules/gulp-jshint/package.json
24 verbose installManyTop reading scoped package data from /home/xopxe/jobs/getbook/node_modules/gulp-livereload/package.json
25 verbose installManyTop reading scoped package data from /home/xopxe/jobs/getbook/node_modules/gulp-replace/package.json
26 verbose installManyTop reading scoped package data from /home/xopxe/jobs/getbook/node_modules/gulp-uglify/package.json
27 verbose installManyTop reading scoped package data from /home/xopxe/jobs/getbook/node_modules/gulp-util/package.json
28 verbose installManyTop reading scoped package data from /home/xopxe/jobs/getbook/node_modules/iconv/package.json
29 verbose installManyTop reading scoped package data from /home/xopxe/jobs/getbook/node_modules/jade/package.json
30 verbose installManyTop reading scoped package data from /home/xopxe/jobs/getbook/node_modules/lodash-node/package.json
31 verbose installManyTop reading scoped package data from /home/xopxe/jobs/getbook/node_modules/method-override/package.json
32 verbose installManyTop reading scoped package data from /home/xopxe/jobs/getbook/node_modules/mongoose/package.json
33 verbose installManyTop reading scoped package data from /home/xopxe/jobs/getbook/node_modules/morgan/package.json
34 verbose installManyTop reading scoped package data from /home/xopxe/jobs/getbook/node_modules/multer/package.json
35 verbose installManyTop reading scoped package data from /home/xopxe/jobs/getbook/node_modules/path/package.json
36 verbose installManyTop reading scoped package data from /home/xopxe/jobs/getbook/node_modules/request/package.json
37 verbose installManyTop reading scoped package data from /home/xopxe/jobs/getbook/node_modules/socket.io/package.json
38 verbose installManyTop reading scoped package data from /home/xopxe/jobs/getbook/node_modules/tiny-lr/package.json
39 info package.json gulp-embedlr@0.5.2 No license field.
40 info package.json socket.io@1.3.7 No license field.
41 info package.json bson-objectid@1.1.1 license should be a valid SPDX license expression
42 info package.json cron@1.0.9 No license field.
43 info package.json connect-livereload@0.5.3 No license field.
44 info package.json gulp-angular-templates@0.0.2 No license field.
45 info package.json gulp-clean@0.3.1 No license field.
46 info package.json path@0.12.7 path is also the name of a node core module.
47 info package.json jade@0.31.2 No license field.
48 verbose readDependencies loading dependencies from /home/xopxe/jobs/getbook/package.json
49 silly cache add args [ 'https://github.com/vadimiztveri/sex_by_russian_name.git',
49 silly cache add   null ]
50 verbose cache add spec https://github.com/vadimiztveri/sex_by_russian_name.git
51 silly cache add parsed spec Result {
51 silly cache add   raw: 'https://github.com/vadimiztveri/sex_by_russian_name.git',
51 silly cache add   scope: null,
51 silly cache add   name: null,
51 silly cache add   rawSpec: 'https://github.com/vadimiztveri/sex_by_russian_name.git',
51 silly cache add   spec: 'git+https://github.com/vadimiztveri/sex_by_russian_name.git',
51 silly cache add   type: 'hosted',
51 silly cache add   hosted:
51 silly cache add    { type: 'github',
51 silly cache add      ssh: 'git@github.com:vadimiztveri/sex_by_russian_name.git',
51 silly cache add      sshUrl: 'git+ssh://git@github.com/vadimiztveri/sex_by_russian_name.git',
51 silly cache add      httpsUrl: 'git+https://github.com/vadimiztveri/sex_by_russian_name.git',
51 silly cache add      gitUrl: 'git://github.com/vadimiztveri/sex_by_russian_name.git',
51 silly cache add      shortcut: 'github:vadimiztveri/sex_by_russian_name',
51 silly cache add      directUrl: 'https://raw.githubusercontent.com/vadimiztveri/sex_by_russian_name/master/package.json' } }
52 verbose addRemoteGit caching https://github.com/vadimiztveri/sex_by_russian_name.git
53 verbose addRemoteGit git+https://github.com/vadimiztveri/sex_by_russian_name.git is a repository hosted by github
54 silly tryClone cloning git+https://github.com/vadimiztveri/sex_by_russian_name.git via git+https://github.com/vadimiztveri/sex_by_russian_name.git
55 verbose tryClone https-github-com-vadimiztveri-sex-by-russian-name-git-409e544b not in flight; caching
56 verbose makeDirectory /home/xopxe/.npm/_git-remotes creation not in flight; initializing
57 silly makeDirectory /home/xopxe/.npm/_git-remotes uid: 1000 gid: 1000
58 info git [ 'clone',
58 info git   '--template=/home/xopxe/.npm/_git-remotes/_templates',
58 info git   '--mirror',
58 info git   'https://github.com/vadimiztveri/sex_by_russian_name.git',
58 info git   '/home/xopxe/.npm/_git-remotes/https-github-com-vadimiztveri-sex-by-russian-name-git-409e544b' ]
59 verbose mirrorRemote git+https://github.com/vadimiztveri/sex_by_russian_name.git git clone https://github.com/vadimiztveri/sex_by_russian_name.git
60 verbose setPermissions git+https://github.com/vadimiztveri/sex_by_russian_name.git set permissions on /home/xopxe/.npm/_git-remotes/https-github-com-vadimiztveri-sex-by-russian-name-git-409e544b
61 verbose resolveHead git+https://github.com/vadimiztveri/sex_by_russian_name.git original treeish: master
62 info git [ 'rev-list', '-n1', 'master' ]
63 silly resolveHead git+https://github.com/vadimiztveri/sex_by_russian_name.git resolved treeish: 79cc974d09578cfd0373fed8fd590a8c2b1ef592
64 verbose resolveHead git+https://github.com/vadimiztveri/sex_by_russian_name.git resolved Git URL: git+https://github.com/vadimiztveri/sex_by_russian_name.git#79cc974d09578cfd0373fed8fd590a8c2b1ef592
65 silly resolveHead Git working directory: /tmp/npm-25893-561c50fd/git-cache-59ff693865be/79cc974d09578cfd0373fed8fd590a8c2b1ef592
66 info git [ 'clone',
66 info git   '/home/xopxe/.npm/_git-remotes/https-github-com-vadimiztveri-sex-by-russian-name-git-409e544b',
66 info git   '/tmp/npm-25893-561c50fd/git-cache-59ff693865be/79cc974d09578cfd0373fed8fd590a8c2b1ef592' ]
67 verbose cloneResolved git+https://github.com/vadimiztveri/sex_by_russian_name.git clone Cloning into '/tmp/npm-25893-561c50fd/git-cache-59ff693865be/79cc974d09578cfd0373fed8fd590a8c2b1ef592'...
67 verbose cloneResolved done.
68 info git [ 'checkout', '79cc974d09578cfd0373fed8fd590a8c2b1ef592' ]
69 verbose checkoutTreeish git+https://github.com/vadimiztveri/sex_by_russian_name.git checkout Note: checking out '79cc974d09578cfd0373fed8fd590a8c2b1ef592'.
69 verbose checkoutTreeish
69 verbose checkoutTreeish You are in 'detached HEAD' state. You can look around, make experimental
69 verbose checkoutTreeish changes and commit them, and you can discard any commits you make in this
69 verbose checkoutTreeish state without impacting any branches by performing another checkout.
69 verbose checkoutTreeish
69 verbose checkoutTreeish If you want to create a new branch to retain commits you create, you may
69 verbose checkoutTreeish do so (now or later) by using -b with the checkout command again. Example:
69 verbose checkoutTreeish
69 verbose checkoutTreeish   git checkout -b new_branch_name
69 verbose checkoutTreeish
69 verbose checkoutTreeish HEAD is now at 79cc974... edit readme
70 error addLocal Could not install /tmp/npm-25893-561c50fd/git-cache-59ff693865be/79cc974d09578cfd0373fed8fd590a8c2b1ef592
71 verbose stack Error: EISDIR: illegal operation on a directory, read
71 verbose stack     at Error (native)
72 verbose cwd /home/xopxe/jobs/getbook
73 error Linux 3.16.0-4-amd64
74 error argv "/usr/bin/nodejs" "/usr/bin/npm" "i" "https://github.com/vadimiztveri/sex_by_russian_name.git"
75 error node v4.1.1
76 error npm  v2.14.4
77 error code EISDIR
78 error errno -21
79 error syscall read
80 error eisdir EISDIR: illegal operation on a directory, read
80 error eisdir This is most likely not a problem with npm itself
80 error eisdir and is related to npm not being able to find a package.json in
80 error eisdir a package you are trying to install.
81 verbose exit [ -21, true ]
